2018-05-29 14:46:57,519 ERROR: Exception on /edit_module/account_analytic_line_list/version_8 [POST] [in d:\flask\stageopdracht\venv\lib\site-packages\flask\app.py:1560]
Traceback (most recent call last):
  File "d:\flask\stageopdracht\venv\lib\site-packages\flask\app.py", line 1982, in wsgi_app
    response = self.full_dispatch_request()
  File "d:\flask\stageopdracht\venv\lib\site-packages\flask\app.py", line 1614, in full_dispatch_request
    rv = self.handle_user_exception(e)
  File "d:\flask\stageopdracht\venv\lib\site-packages\flask\app.py", line 1517, in handle_user_exception
    reraise(exc_type, exc_value, tb)
  File "d:\flask\stageopdracht\venv\lib\site-packages\flask\_compat.py", line 33, in reraise
    raise value
  File "d:\flask\stageopdracht\venv\lib\site-packages\flask\app.py", line 1612, in full_dispatch_request
    rv = self.dispatch_request()
  File "d:\flask\stageopdracht\venv\lib\site-packages\flask\app.py", line 1598, in dispatch_request
    return self.view_functions[rule.endpoint](**req.view_args)
  File "D:\flask\stageopdracht\app\routes.py", line 149, in edit_module
    form.customer_delete.data,
AttributeError: 'EditModuleForm' object has no attribute 'customer_delete'
2018-05-29 14:47:15,259 INFO: App startup [in D:\flask\stageopdracht\app\__init__.py:33]
2018-05-29 14:54:45,552 INFO: App startup [in D:\flask\stageopdracht\app\__init__.py:33]
2018-05-29 14:55:02,511 INFO: App startup [in D:\flask\stageopdracht\app\__init__.py:33]
2018-05-29 14:55:25,542 INFO: App startup [in D:\flask\stageopdracht\app\__init__.py:33]
2018-05-29 14:55:47,455 INFO: App startup [in D:\flask\stageopdracht\app\__init__.py:33]
2018-05-29 15:00:54,790 INFO: App startup [in D:\flask\stageopdracht\app\__init__.py:33]
2018-05-29 15:05:37,532 INFO: App startup [in D:\flask\stageopdracht\app\__init__.py:33]
2018-05-29 15:06:02,327 INFO: App startup [in D:\flask\stageopdracht\app\__init__.py:33]
2018-05-29 15:06:22,421 INFO: App startup [in D:\flask\stageopdracht\app\__init__.py:33]
2018-05-29 15:11:25,552 INFO: App startup [in D:\flask\stageopdracht\app\__init__.py:33]
2018-05-29 15:11:46,050 INFO: App startup [in D:\flask\stageopdracht\app\__init__.py:33]
2018-05-29 15:40:09,136 INFO: App startup [in D:\flask\stageopdracht\app\__init__.py:33]
